  Ammo.cpp
d:\문서\아카데미\counterstrike(directx9)\counterstrike(directx9)\UtilConstant.h(6): fatal error C1083: 포함 파일을 열 수 없습니다. 'd3dx9.h': No such file or directory
  Animation.cpp
d:\문서\아카데미\counterstrike(directx9)\counterstrike(directx9)\UtilConstant.h(6): fatal error C1083: 포함 파일을 열 수 없습니다. 'd3dx9.h': No such file or directory
  AnimClip.cpp
d:\문서\아카데미\counterstrike(directx9)\counterstrike(directx9)\UtilConstant.h(6): fatal error C1083: 포함 파일을 열 수 없습니다. 'd3dx9.h': No such file or directory
  AnimClipList.cpp
d:\문서\아카데미\counterstrike(directx9)\counterstrike(directx9)\UtilConstant.h(6): fatal error C1083: 포함 파일을 열 수 없습니다. 'd3dx9.h': No such file or directory
  App.cpp
d:\문서\아카데미\counterstrike(directx9)\counterstrike(directx9)\UtilConstant.h(6): fatal error C1083: 포함 파일을 열 수 없습니다. 'd3dx9.h': No such file or directory
  ArmorItem.cpp
d:\문서\아카데미\counterstrike(directx9)\counterstrike(directx9)\UtilConstant.h(6): fatal error C1083: 포함 파일을 열 수 없습니다. 'd3dx9.h': No such file or directory
  AutoGunItem.cpp
d:\문서\아카데미\counterstrike(directx9)\counterstrike(directx9)\UtilConstant.h(6): fatal error C1083: 포함 파일을 열 수 없습니다. 'd3dx9.h': No such file or directory
  BoxCollider.cpp
d:\문서\아카데미\counterstrike(directx9)\counterstrike(directx9)\UtilConstant.h(6): fatal error C1083: 포함 파일을 열 수 없습니다. 'd3dx9.h': No such file or directory
  Bullet.cpp
d:\문서\아카데미\counterstrike(directx9)\counterstrike(directx9)\UtilConstant.h(6): fatal error C1083: 포함 파일을 열 수 없습니다. 'd3dx9.h': No such file or directory
  BulletItem.cpp
d:\문서\아카데미\counterstrike(directx9)\counterstrike(directx9)\UtilConstant.h(6): fatal error C1083: 포함 파일을 열 수 없습니다. 'd3dx9.h': No such file or directory
  Component.cpp
d:\문서\아카데미\counterstrike(directx9)\counterstrike(directx9)\UtilConstant.h(6): fatal error C1083: 포함 파일을 열 수 없습니다. 'd3dx9.h': No such file or directory
  Controller.cpp
d:\문서\아카데미\counterstrike(directx9)\counterstrike(directx9)\UtilConstant.h(6): fatal error C1083: 포함 파일을 열 수 없습니다. 'd3dx9.h': No such file or directory
  DirectX.cpp
d:\문서\아카데미\counterstrike(directx9)\counterstrike(directx9)\UtilConstant.h(6): fatal error C1083: 포함 파일을 열 수 없습니다. 'd3dx9.h': No such file or directory
  DownMove.cpp
d:\문서\아카데미\counterstrike(directx9)\counterstrike(directx9)\UtilConstant.h(6): fatal error C1083: 포함 파일을 열 수 없습니다. 'd3dx9.h': No such file or directory
  EffectEvent.cpp
d:\문서\아카데미\counterstrike(directx9)\counterstrike(directx9)\UtilConstant.h(6): fatal error C1083: 포함 파일을 열 수 없습니다. 'd3dx9.h': No such file or directory
  EnemyController.cpp
d:\문서\아카데미\counterstrike(directx9)\counterstrike(directx9)\UtilConstant.h(6): fatal error C1083: 포함 파일을 열 수 없습니다. 'd3dx9.h': No such file or directory
  EtcF.cpp
d:\문서\아카데미\counterstrike(directx9)\counterstrike(directx9)\UtilConstant.h(6): fatal error C1083: 포함 파일을 열 수 없습니다. 'd3dx9.h': No such file or directory
  ExitButton.cpp
d:\문서\아카데미\counterstrike(directx9)\counterstrike(directx9)\UtilConstant.h(6): fatal error C1083: 포함 파일을 열 수 없습니다. 'd3dx9.h': No such file or directory
  ExplosionEffect.cpp
d:\문서\아카데미\counterstrike(directx9)\counterstrike(directx9)\UtilConstant.h(6): fatal error C1083: 포함 파일을 열 수 없습니다. 'd3dx9.h': No such file or directory
  FileIO.cpp
d:\문서\아카데미\counterstrike(directx9)\counterstrike(directx9)\UtilConstant.h(6): fatal error C1083: 포함 파일을 열 수 없습니다. 'd3dx9.h': No such file or directory
  컴파일하고 있습니다...
  GameApp.cpp
d:\문서\아카데미\counterstrike(directx9)\counterstrike(directx9)\UtilConstant.h(6): fatal error C1083: 포함 파일을 열 수 없습니다. 'd3dx9.h': No such file or directory
  GameManger.cpp
d:\문서\아카데미\counterstrike(directx9)\counterstrike(directx9)\UtilConstant.h(6): fatal error C1083: 포함 파일을 열 수 없습니다. 'd3dx9.h': No such file or directory
  GameObj.cpp
d:\문서\아카데미\counterstrike(directx9)\counterstrike(directx9)\UtilConstant.h(6): fatal error C1083: 포함 파일을 열 수 없습니다. 'd3dx9.h': No such file or directory
  GameObjList.cpp
d:\문서\아카데미\counterstrike(directx9)\counterstrike(directx9)\UtilConstant.h(6): fatal error C1083: 포함 파일을 열 수 없습니다. 'd3dx9.h': No such file or directory
  Grenade.cpp
d:\문서\아카데미\counterstrike(directx9)\counterstrike(directx9)\UtilConstant.h(6): fatal error C1083: 포함 파일을 열 수 없습니다. 'd3dx9.h': No such file or directory
  HealthItem.cpp
d:\문서\아카데미\counterstrike(directx9)\counterstrike(directx9)\UtilConstant.h(6): fatal error C1083: 포함 파일을 열 수 없습니다. 'd3dx9.h': No such file or directory
  Item.cpp
d:\문서\아카데미\counterstrike(directx9)\counterstrike(directx9)\UtilConstant.h(6): fatal error C1083: 포함 파일을 열 수 없습니다. 'd3dx9.h': No such file or directory
  KeyF.cpp
d:\문서\아카데미\counterstrike(directx9)\counterstrike(directx9)\UtilConstant.h(6): fatal error C1083: 포함 파일을 열 수 없습니다. 'd3dx9.h': No such file or directory
  LeftMove.cpp
d:\문서\아카데미\counterstrike(directx9)\counterstrike(directx9)\UtilConstant.h(6): fatal error C1083: 포함 파일을 열 수 없습니다. 'd3dx9.h': No such file or directory
  LoadApp.cpp
d:\문서\아카데미\counterstrike(directx9)\counterstrike(directx9)\UtilConstant.h(6): fatal error C1083: 포함 파일을 열 수 없습니다. 'd3dx9.h': No such file or directory
  LoadManager.cpp
d:\문서\아카데미\counterstrike(directx9)\counterstrike(directx9)\UtilConstant.h(6): fatal error C1083: 포함 파일을 열 수 없습니다. 'd3dx9.h': No such file or directory
  Main.cpp
d:\문서\아카데미\counterstrike(directx9)\counterstrike(directx9)\UtilConstant.h(6): fatal error C1083: 포함 파일을 열 수 없습니다. 'd3dx9.h': No such file or directory
  MathF.cpp
d:\문서\아카데미\counterstrike(directx9)\counterstrike(directx9)\UtilConstant.h(6): fatal error C1083: 포함 파일을 열 수 없습니다. 'd3dx9.h': No such file or directory
  MenuApp.cpp
d:\문서\아카데미\counterstrike(directx9)\counterstrike(directx9)\UtilConstant.h(6): fatal error C1083: 포함 파일을 열 수 없습니다. 'd3dx9.h': No such file or directory
  Move.cpp
d:\문서\아카데미\counterstrike(directx9)\counterstrike(directx9)\UtilConstant.h(6): fatal error C1083: 포함 파일을 열 수 없습니다. 'd3dx9.h': No such file or directory
  PlayerController.cpp
d:\문서\아카데미\counterstrike(directx9)\counterstrike(directx9)\UtilConstant.h(6): fatal error C1083: 포함 파일을 열 수 없습니다. 'd3dx9.h': No such file or directory
  RightMove.cpp
d:\문서\아카데미\counterstrike(directx9)\counterstrike(directx9)\UtilConstant.h(6): fatal error C1083: 포함 파일을 열 수 없습니다. 'd3dx9.h': No such file or directory
  Rigid.cpp
d:\문서\아카데미\counterstrike(directx9)\counterstrike(directx9)\UtilConstant.h(6): fatal error C1083: 포함 파일을 열 수 없습니다. 'd3dx9.h': No such file or directory
  Rtti.cpp
d:\문서\아카데미\counterstrike(directx9)\counterstrike(directx9)\UtilConstant.h(6): fatal error C1083: 포함 파일을 열 수 없습니다. 'd3dx9.h': No such file or directory
  ShotGunItem.cpp
d:\문서\아카데미\counterstrike(directx9)\counterstrike(directx9)\UtilConstant.h(6): fatal error C1083: 포함 파일을 열 수 없습니다. 'd3dx9.h': No such file or directory
  컴파일하고 있습니다...
  SpriteRender.cpp
d:\문서\아카데미\counterstrike(directx9)\counterstrike(directx9)\UtilConstant.h(6): fatal error C1083: 포함 파일을 열 수 없습니다. 'd3dx9.h': No such file or directory
  StartButton.cpp
d:\문서\아카데미\counterstrike(directx9)\counterstrike(directx9)\UtilConstant.h(6): fatal error C1083: 포함 파일을 열 수 없습니다. 'd3dx9.h': No such file or directory
  TimeF.cpp
d:\문서\아카데미\counterstrike(directx9)\counterstrike(directx9)\UtilConstant.h(6): fatal error C1083: 포함 파일을 열 수 없습니다. 'd3dx9.h': No such file or directory
  UIButton.cpp
d:\문서\아카데미\counterstrike(directx9)\counterstrike(directx9)\UtilConstant.h(6): fatal error C1083: 포함 파일을 열 수 없습니다. 'd3dx9.h': No such file or directory
  UpMove.cpp
d:\문서\아카데미\counterstrike(directx9)\counterstrike(directx9)\UtilConstant.h(6): fatal error C1083: 포함 파일을 열 수 없습니다. 'd3dx9.h': No such file or directory
