d:\문서\github\cs2d_directx9_2dproject\counterstrike(directx9)\counterstrike(directx9)\debug\vc140.pdb
d:\문서\github\cs2d_directx9_2dproject\counterstrike(directx9)\counterstrike(directx9)\debug\vc140.idb
d:\문서\github\cs2d_directx9_2dproject\counterstrike(directx9)\counterstrike(directx9)\debug\app.obj
d:\문서\github\cs2d_directx9_2dproject\counterstrike(directx9)\counterstrike(directx9)\debug\autodestroy.obj
d:\문서\github\cs2d_directx9_2dproject\counterstrike(directx9)\counterstrike(directx9)\debug\boxcollider.obj
d:\문서\github\cs2d_directx9_2dproject\counterstrike(directx9)\counterstrike(directx9)\debug\component.obj
d:\문서\github\cs2d_directx9_2dproject\counterstrike(directx9)\counterstrike(directx9)\debug\directx.obj
d:\문서\github\cs2d_directx9_2dproject\counterstrike(directx9)\counterstrike(directx9)\debug\etcf.obj
d:\문서\github\cs2d_directx9_2dproject\counterstrike(directx9)\counterstrike(directx9)\debug\fileio.obj
d:\문서\github\cs2d_directx9_2dproject\counterstrike(directx9)\counterstrike(directx9)\debug\gameapp.obj
d:\문서\github\cs2d_directx9_2dproject\counterstrike(directx9)\counterstrike(directx9)\debug\gameobj.obj
d:\문서\github\cs2d_directx9_2dproject\counterstrike(directx9)\counterstrike(directx9)\debug\gameobjlist.obj
d:\문서\github\cs2d_directx9_2dproject\counterstrike(directx9)\counterstrike(directx9)\debug\keyf.obj
d:\문서\github\cs2d_directx9_2dproject\counterstrike(directx9)\counterstrike(directx9)\debug\main.obj
d:\문서\github\cs2d_directx9_2dproject\counterstrike(directx9)\counterstrike(directx9)\debug\mathf.obj
d:\문서\github\cs2d_directx9_2dproject\counterstrike(directx9)\counterstrike(directx9)\debug\move.obj
d:\문서\github\cs2d_directx9_2dproject\counterstrike(directx9)\counterstrike(directx9)\debug\rigid.obj
d:\문서\github\cs2d_directx9_2dproject\counterstrike(directx9)\counterstrike(directx9)\debug\rtti.obj
d:\문서\github\cs2d_directx9_2dproject\counterstrike(directx9)\counterstrike(directx9)\debug\spriterender.obj
d:\문서\github\cs2d_directx9_2dproject\counterstrike(directx9)\counterstrike(directx9)\debug\timef.obj
d:\문서\github\cs2d_directx9_2dproject\counterstrike(directx9)\counterstrike(directx9)\debug\uibutton.obj
d:\문서\github\cs2d_directx9_2dproject\counterstrike(directx9)\debug\counterstrike(directx9).pdb
d:\문서\github\cs2d_directx9_2dproject\counterstrike(directx9)\counterstrike(directx9)\debug\counters.599d7370.tlog\cl.command.1.tlog
d:\문서\github\cs2d_directx9_2dproject\counterstrike(directx9)\counterstrike(directx9)\debug\counters.599d7370.tlog\cl.read.1.tlog
d:\문서\github\cs2d_directx9_2dproject\counterstrike(directx9)\counterstrike(directx9)\debug\counters.599d7370.tlog\cl.write.1.tlog
d:\문서\github\cs2d_directx9_2dproject\counterstrike(directx9)\counterstrike(directx9)\debug\counters.599d7370.tlog\link-cvtres.read.1.tlog
d:\문서\github\cs2d_directx9_2dproject\counterstrike(directx9)\counterstrike(directx9)\debug\counters.599d7370.tlog\link-cvtres.write.1.tlog
d:\문서\github\cs2d_directx9_2dproject\counterstrike(directx9)\counterstrike(directx9)\debug\counters.599d7370.tlog\link-rc.read.1.tlog
d:\문서\github\cs2d_directx9_2dproject\counterstrike(directx9)\counterstrike(directx9)\debug\counters.599d7370.tlog\link-rc.write.1.tlog
d:\문서\github\cs2d_directx9_2dproject\counterstrike(directx9)\counterstrike(directx9)\debug\counters.599d7370.tlog\link.command.1.tlog
d:\문서\github\cs2d_directx9_2dproject\counterstrike(directx9)\counterstrike(directx9)\debug\counters.599d7370.tlog\link.read.1.tlog
d:\문서\github\cs2d_directx9_2dproject\counterstrike(directx9)\counterstrike(directx9)\debug\counters.599d7370.tlog\link.write.1.tlog
