d:\문서\github\cs2d_directx9_2dproject\counterstrike(directx9)\counterstrike(directx9)\release\vc140.pdb
d:\문서\github\cs2d_directx9_2dproject\counterstrike(directx9)\counterstrike(directx9)\release\explosioneffect.obj
d:\문서\github\cs2d_directx9_2dproject\counterstrike(directx9)\counterstrike(directx9)\release\exitbutton.obj
d:\문서\github\cs2d_directx9_2dproject\counterstrike(directx9)\counterstrike(directx9)\release\etcf.obj
d:\문서\github\cs2d_directx9_2dproject\counterstrike(directx9)\counterstrike(directx9)\release\enemycontroller.obj
d:\문서\github\cs2d_directx9_2dproject\counterstrike(directx9)\counterstrike(directx9)\release\effectevent.obj
d:\문서\github\cs2d_directx9_2dproject\counterstrike(directx9)\counterstrike(directx9)\release\downmove.obj
d:\문서\github\cs2d_directx9_2dproject\counterstrike(directx9)\counterstrike(directx9)\release\directx.obj
d:\문서\github\cs2d_directx9_2dproject\counterstrike(directx9)\counterstrike(directx9)\release\controller.obj
d:\문서\github\cs2d_directx9_2dproject\counterstrike(directx9)\counterstrike(directx9)\release\component.obj
d:\문서\github\cs2d_directx9_2dproject\counterstrike(directx9)\counterstrike(directx9)\release\bulletitem.obj
d:\문서\github\cs2d_directx9_2dproject\counterstrike(directx9)\counterstrike(directx9)\release\bullet.obj
d:\문서\github\cs2d_directx9_2dproject\counterstrike(directx9)\counterstrike(directx9)\release\boxcollider.obj
d:\문서\github\cs2d_directx9_2dproject\counterstrike(directx9)\counterstrike(directx9)\release\autogunitem.obj
d:\문서\github\cs2d_directx9_2dproject\counterstrike(directx9)\counterstrike(directx9)\release\autodestroy.obj
d:\문서\github\cs2d_directx9_2dproject\counterstrike(directx9)\counterstrike(directx9)\release\armoritem.obj
d:\문서\github\cs2d_directx9_2dproject\counterstrike(directx9)\counterstrike(directx9)\release\app.obj
d:\문서\github\cs2d_directx9_2dproject\counterstrike(directx9)\counterstrike(directx9)\release\animcliplist.obj
d:\문서\github\cs2d_directx9_2dproject\counterstrike(directx9)\counterstrike(directx9)\release\animclip.obj
d:\문서\github\cs2d_directx9_2dproject\counterstrike(directx9)\counterstrike(directx9)\release\animation.obj
d:\문서\github\cs2d_directx9_2dproject\counterstrike(directx9)\counterstrike(directx9)\release\ammo.obj
d:\문서\github\cs2d_directx9_2dproject\counterstrike(directx9)\counterstrike(directx9)\release\spriterender.obj
d:\문서\github\cs2d_directx9_2dproject\counterstrike(directx9)\counterstrike(directx9)\release\shotgunitem.obj
d:\문서\github\cs2d_directx9_2dproject\counterstrike(directx9)\counterstrike(directx9)\release\rtti.obj
d:\문서\github\cs2d_directx9_2dproject\counterstrike(directx9)\counterstrike(directx9)\release\rigid.obj
d:\문서\github\cs2d_directx9_2dproject\counterstrike(directx9)\counterstrike(directx9)\release\rightmove.obj
d:\문서\github\cs2d_directx9_2dproject\counterstrike(directx9)\counterstrike(directx9)\release\playercontroller.obj
d:\문서\github\cs2d_directx9_2dproject\counterstrike(directx9)\counterstrike(directx9)\release\move.obj
d:\문서\github\cs2d_directx9_2dproject\counterstrike(directx9)\counterstrike(directx9)\release\menuapp.obj
d:\문서\github\cs2d_directx9_2dproject\counterstrike(directx9)\counterstrike(directx9)\release\mathf.obj
d:\문서\github\cs2d_directx9_2dproject\counterstrike(directx9)\counterstrike(directx9)\release\main.obj
d:\문서\github\cs2d_directx9_2dproject\counterstrike(directx9)\counterstrike(directx9)\release\loadapp.obj
d:\문서\github\cs2d_directx9_2dproject\counterstrike(directx9)\counterstrike(directx9)\release\leftmove.obj
d:\문서\github\cs2d_directx9_2dproject\counterstrike(directx9)\counterstrike(directx9)\release\keyf.obj
d:\문서\github\cs2d_directx9_2dproject\counterstrike(directx9)\counterstrike(directx9)\release\item.obj
d:\문서\github\cs2d_directx9_2dproject\counterstrike(directx9)\counterstrike(directx9)\release\healthitem.obj
d:\문서\github\cs2d_directx9_2dproject\counterstrike(directx9)\counterstrike(directx9)\release\grenade.obj
d:\문서\github\cs2d_directx9_2dproject\counterstrike(directx9)\counterstrike(directx9)\release\gameobjlist.obj
d:\문서\github\cs2d_directx9_2dproject\counterstrike(directx9)\counterstrike(directx9)\release\gameobj.obj
d:\문서\github\cs2d_directx9_2dproject\counterstrike(directx9)\counterstrike(directx9)\release\gameapp.obj
d:\문서\github\cs2d_directx9_2dproject\counterstrike(directx9)\counterstrike(directx9)\release\fileio.obj
d:\문서\github\cs2d_directx9_2dproject\counterstrike(directx9)\counterstrike(directx9)\release\upmove.obj
d:\문서\github\cs2d_directx9_2dproject\counterstrike(directx9)\counterstrike(directx9)\release\uibutton.obj
d:\문서\github\cs2d_directx9_2dproject\counterstrike(directx9)\counterstrike(directx9)\release\timef.obj
d:\문서\github\cs2d_directx9_2dproject\counterstrike(directx9)\counterstrike(directx9)\release\startbutton.obj
d:\문서\github\cs2d_directx9_2dproject\counterstrike(directx9)\release\counterstrike(directx9).exe
d:\문서\github\cs2d_directx9_2dproject\counterstrike(directx9)\release\counterstrike(directx9).pdb
d:\문서\github\cs2d_directx9_2dproject\counterstrike(directx9)\counterstrike(directx9)\release\counters.599d7370.tlog\cl.command.1.tlog
d:\문서\github\cs2d_directx9_2dproject\counterstrike(directx9)\counterstrike(directx9)\release\counters.599d7370.tlog\cl.read.1.tlog
d:\문서\github\cs2d_directx9_2dproject\counterstrike(directx9)\counterstrike(directx9)\release\counters.599d7370.tlog\cl.write.1.tlog
d:\문서\github\cs2d_directx9_2dproject\counterstrike(directx9)\counterstrike(directx9)\release\counters.599d7370.tlog\link.command.1.tlog
d:\문서\github\cs2d_directx9_2dproject\counterstrike(directx9)\counterstrike(directx9)\release\counters.599d7370.tlog\link.read.1.tlog
d:\문서\github\cs2d_directx9_2dproject\counterstrike(directx9)\counterstrike(directx9)\release\counters.599d7370.tlog\link.write.1.tlog
